<?xml version="1.0" encoding="UTF-8"?>
<!-- Generated by org.testng.reporters.JUnitReportReporter -->
<testsuite hostname="LAPTOP-9QS45CBK" failures="0" tests="4" name="testNg.testNgdemo" time="0.046" errors="0" timestamp="2024-10-02T14:10:07 IST" skipped="0">
  <testcase classname="testNg.testNgdemo" name="test1" time="0.011"/>
  <system-out/>
  <testcase classname="testNg.testNgdemo" name="test3" time="0.022"/>
  <system-out/>
  <testcase classname="testNg.testNgdemo" name="test4" time="0.009"/>
  <system-out/>
  <testcase classname="testNg.testNgdemo" name="test2" time="0.004"/>
  <system-out/>
</testsuite> <!-- testNg.testNgdemo -->
